<?xml version="1.0" encoding="UTF-8"?>
<testng-results ignored="0" total="1" passed="1" failed="0" skipped="0">
  <reporter-output>
  </reporter-output>
  <suite started-at="2022-11-08T11:49:47 GMT" name="Single" finished-at="2022-11-08T11:50:43 GMT" duration-ms="56672">
    <groups>
    </groups>
    <test started-at="2022-11-08T11:49:47 GMT" name="SingleTest" finished-at="2022-11-08T11:50:43 GMT" duration-ms="56672">
      <class name="com.browserstack.PercyTest">
        <test-method is-config="true" signature="setUp(java.lang.String,java.lang.String)[pri:0, instance:com.browserstack.PercyTest@477b4cdf]" started-at="2022-11-08T11:49:47 GMT" name="setUp" finished-at="2022-11-08T11:49:52 GMT" duration-ms="5168" status="PASS">
          <params>
            <param index="0">
              <value>
                <![CDATA[single.conf.json]]>
              </value>
            </param>
            <param index="1">
              <value>
                <![CDATA[chrome]]>
              </value>
            </param>
          </params>
          <reporter-output>
          </reporter-output>
        </test-method> <!-- setUp -->
        <test-method signature="test()[pri:0, instance:com.browserstack.PercyTest@477b4cdf]" started-at="2022-11-08T11:49:52 GMT" name="test" finished-at="2022-11-08T11:50:42 GMT" duration-ms="50003" status="PASS">
          <reporter-output>
          </reporter-output>
        </test-method> <!-- test -->
        <test-method is-config="true" signature="tearDown()[pri:0, instance:com.browserstack.PercyTest@477b4cdf]" started-at="2022-11-08T11:50:42 GMT" name="tearDown" finished-at="2022-11-08T11:50:43 GMT" duration-ms="1472" status="PASS">
          <reporter-output>
          </reporter-output>
        </test-method> <!-- tearDown -->
      </class> <!-- com.browserstack.PercyTest -->
    </test> <!-- SingleTest -->
  </suite> <!-- Single -->
</testng-results>
