<?xml version="1.0" encoding="UTF-8"?>
<testng-results ignored="0" total="4" passed="0" failed="4" skipped="0">
  <reporter-output>
  </reporter-output>
  <suite started-at="2022-11-01T15:51:05 GMT" name="Parallel" finished-at="2022-11-01T15:51:29 GMT" duration-ms="23506">
    <groups>
    </groups>
    <test started-at="2022-11-01T15:51:05 GMT" name="SingleTestEnv1" finished-at="2022-11-01T15:51:13 GMT" duration-ms="7187">
      <class name="com.browserstack.SecondTest">
        <test-method is-config="true" signature="setUp(java.lang.String,java.lang.String)[pri:0, instance:com.browserstack.SecondTest@31190526]" started-at="2022-11-01T15:51:06 GMT" name="setUp" finished-at="2022-11-01T15:51:11 GMT" duration-ms="5486" status="PASS">
          <params>
            <param index="0">
              <value>
                <![CDATA[parallel.conf.json]]>
              </value>
            </param>
            <param index="1">
              <value>
                <![CDATA[env1]]>
              </value>
            </param>
          </params>
          <reporter-output>
          </reporter-output>
        </test-method> <!-- setUp -->
        <test-method signature="test()[pri:0, instance:com.browserstack.SecondTest@31190526]" started-at="2022-11-01T15:51:11 GMT" name="test" finished-at="2022-11-01T15:51:11 GMT" duration-ms="146" status="FAIL">
          <exception class="org.openqa.selenium.NoSuchElementException">
            <message>
              <![CDATA[no such element: Unable to locate element: {"method":"css selector","selector":"#sp-cc-accept"}
  (Session info: chrome=107.0.5304.63)
For documentation on this error, please visit: https://selenium.dev/exceptions/#no_such_element
Build info: version: '4.1.0', revision: '87802e897b'
System info: host: 'Cormac*con-PQ2FTJX76V', ip: 'fe80:0:0:0:ce2:abf4:e9b1:ada3%en0', os.name: 'Mac OS X', os.arch: 'x86_64', os.version: '11.5', java.version: '11.0.12'
Driver info: org.openqa.selenium.remote.RemoteWebDriver
Command: [742b9522734f99f4b11364639c618feac0342ae5, findElement {using=css selector, value=#sp-cc-accept}]
Capabilities {acceptInsecureCerts: false, browserName: chrome, browserVersion: 107.0.5304.63, chrome: {chromedriverVersion: 107.0.5304.62 (1eec40d3a576..., userDataDir: C:\Windows\proxy\scoped_dir...}, goog:chromeOptions: {debuggerAddress: localhost:7184}, javascriptEnabled: true, networkConnectionEnabled: false, pageLoadStrategy: normal, platform: WINDOWS, platformName: WINDOWS, proxy: Proxy(), setWindowRect: true, strictFileInteractability: false, timeouts: {implicit: 0, pageLoad: 300000, script: 30000}, unhandledPromptBehavior: dismiss and notify, webauthn:extension:credBlob: true, webauthn:extension:largeBlob: true, webauthn:virtualAuthenticators: true, webdriver.remote.sessionid: 742b9522734f99f4b11364639c6...}
Session ID: 742b9522734f99f4b11364639c618feac0342ae5]]>
            </message>
            <full-stacktrace>
              <![CDATA[org.openqa.selenium.NoSuchElementException: no such element: Unable to locate element: {"method":"css selector","selector":"#sp-cc-accept"}
  (Session info: chrome=107.0.5304.63)
For documentation on this error, please visit: https://selenium.dev/exceptions/#no_such_element
Build info: version: '4.1.0', revision: '87802e897b'
System info: host: 'Cormac*con-PQ2FTJX76V', ip: 'fe80:0:0:0:ce2:abf4:e9b1:ada3%en0', os.name: 'Mac OS X', os.arch: 'x86_64', os.version: '11.5', java.version: '11.0.12'
Driver info: org.openqa.selenium.remote.RemoteWebDriver
Command: [742b9522734f99f4b11364639c618feac0342ae5, findElement {using=css selector, value=#sp-cc-accept}]
Capabilities {acceptInsecureCerts: false, browserName: chrome, browserVersion: 107.0.5304.63, chrome: {chromedriverVersion: 107.0.5304.62 (1eec40d3a576..., userDataDir: C:\Windows\proxy\scoped_dir...}, goog:chromeOptions: {debuggerAddress: localhost:7184}, javascriptEnabled: true, networkConnectionEnabled: false, pageLoadStrategy: normal, platform: WINDOWS, platformName: WINDOWS, proxy: Proxy(), setWindowRect: true, strictFileInteractability: false, timeouts: {implicit: 0, pageLoad: 300000, script: 30000}, unhandledPromptBehavior: dismiss and notify, webauthn:extension:credBlob: true, webauthn:extension:largeBlob: true, webauthn:virtualAuthenticators: true, webdriver.remote.sessionid: 742b9522734f99f4b11364639c6...}
Session ID: 742b9522734f99f4b11364639c618feac0342ae5
at java.base/jdk.internal.reflect.NativeConstructorAccessorImpl.newInstance0(Native Method)
at java.base/jdk.internal.reflect.NativeConstructorAccessorImpl.newInstance(NativeConstructorAccessorImpl.java:62)
at java.base/jdk.internal.reflect.DelegatingConstructorAccessorImpl.newInstance(DelegatingConstructorAccessorImpl.java:45)
at java.base/java.lang.reflect.Constructor.newInstance(Constructor.java:490)
at org.openqa.selenium.remote.codec.w3c.W3CHttpResponseCodec.createException(W3CHttpResponseCodec.java:200)
at org.openqa.selenium.remote.codec.w3c.W3CHttpResponseCodec.decode(W3CHttpResponseCodec.java:133)
at org.openqa.selenium.remote.codec.w3c.W3CHttpResponseCodec.decode(W3CHttpResponseCodec.java:53)
at org.openqa.selenium.remote.HttpCommandExecutor.execute(HttpCommandExecutor.java:184)
at org.openqa.selenium.remote.TracedCommandExecutor.execute(TracedCommandExecutor.java:50)
at org.openqa.selenium.remote.RemoteWebDriver.execute(RemoteWebDriver.java:559)
at org.openqa.selenium.remote.ElementLocation$ElementFinder$2.findElement(ElementLocation.java:162)
at org.openqa.selenium.remote.ElementLocation.findElement(ElementLocation.java:60)
at org.openqa.selenium.remote.RemoteWebDriver.findElement(RemoteWebDriver.java:383)
at org.openqa.selenium.remote.RemoteWebDriver.findElement(RemoteWebDriver.java:375)
at com.browserstack.SecondTest.test(SecondTest.java:25)
at java.base/jdk.internal.reflect.NativeMethodAccessorImpl.invoke0(Native Method)
at java.base/jdk.internal.reflect.NativeMethodAccessorImpl.invoke(NativeMethodAccessorImpl.java:62)
at java.base/jdk.internal.reflect.DelegatingMethodAccessorImpl.invoke(DelegatingMethodAccessorImpl.java:43)
at java.base/java.lang.reflect.Method.invoke(Method.java:566)
at org.testng.internal.MethodInvocationHelper.invokeMethod(MethodInvocationHelper.java:133)
at org.testng.internal.TestInvoker.invokeMethod(TestInvoker.java:598)
at org.testng.internal.TestInvoker.invokeTestMethod(TestInvoker.java:173)
at org.testng.internal.MethodRunner.runInSequence(MethodRunner.java:46)
at org.testng.internal.TestInvoker$MethodInvocationAgent.invoke(TestInvoker.java:824)
at org.testng.internal.TestInvoker.invokeTestMethods(TestInvoker.java:146)
at org.testng.internal.TestMethodWorker.invokeTestMethods(TestMethodWorker.java:146)
at org.testng.internal.TestMethodWorker.run(TestMethodWorker.java:128)
at java.base/java.util.ArrayList.forEach(ArrayList.java:1541)
at org.testng.TestRunner.privateRun(TestRunner.java:794)
at org.testng.TestRunner.run(TestRunner.java:596)
at org.testng.SuiteRunner.runTest(SuiteRunner.java:377)
at org.testng.SuiteRunner.access$000(SuiteRunner.java:28)
at org.testng.SuiteRunner$SuiteWorker.run(SuiteRunner.java:418)
at org.testng.internal.thread.ThreadUtil.lambda$execute$0(ThreadUtil.java:64)
at java.base/java.util.concurrent.FutureTask.run(FutureTask.java:264)
at java.base/java.util.concurrent.ThreadPoolExecutor.runWorker(ThreadPoolExecutor.java:1128)
at java.base/java.util.concurrent.ThreadPoolExecutor$Worker.run(ThreadPoolExecutor.java:628)
at java.base/java.lang.Thread.run(Thread.java:829)
]]>
            </full-stacktrace>
          </exception> <!-- org.openqa.selenium.NoSuchElementException -->
          <reporter-output>
          </reporter-output>
        </test-method> <!-- test -->
        <test-method is-config="true" signature="tearDown()[pri:0, instance:com.browserstack.SecondTest@31190526]" started-at="2022-11-01T15:51:11 GMT" name="tearDown" finished-at="2022-11-01T15:51:13 GMT" duration-ms="1399" status="PASS">
          <reporter-output>
          </reporter-output>
        </test-method> <!-- tearDown -->
      </class> <!-- com.browserstack.SecondTest -->
    </test> <!-- SingleTestEnv1 -->
    <test started-at="2022-11-01T15:51:05 GMT" name="SingleTestEnv2" finished-at="2022-11-01T15:51:18 GMT" duration-ms="12358">
      <class name="com.browserstack.SecondTest">
        <test-method is-config="true" signature="setUp(java.lang.String,java.lang.String)[pri:0, instance:com.browserstack.SecondTest@5b94b04d]" started-at="2022-11-01T15:51:06 GMT" name="setUp" finished-at="2022-11-01T15:51:16 GMT" duration-ms="10538" status="PASS">
          <params>
            <param index="0">
              <value>
                <![CDATA[parallel.conf.json]]>
              </value>
            </param>
            <param index="1">
              <value>
                <![CDATA[env2]]>
              </value>
            </param>
          </params>
          <reporter-output>
          </reporter-output>
        </test-method> <!-- setUp -->
        <test-method signature="test()[pri:0, instance:com.browserstack.SecondTest@5b94b04d]" started-at="2022-11-01T15:51:16 GMT" name="test" finished-at="2022-11-01T15:51:17 GMT" duration-ms="574" status="FAIL">
          <exception class="org.openqa.selenium.NoSuchElementException">
            <message>
              <![CDATA[Unable to locate element: #sp-cc-accept
For documentation on this error, please visit: https://selenium.dev/exceptions/#no_such_element
Build info: version: '4.1.0', revision: '87802e897b'
System info: host: 'Cormac*con-PQ2FTJX76V', ip: 'fe80:0:0:0:ce2:abf4:e9b1:ada3%en0', os.name: 'Mac OS X', os.arch: 'x86_64', os.version: '11.5', java.version: '11.0.12'
Driver info: org.openqa.selenium.remote.RemoteWebDriver
Command: [251467e497d91eeafe3e8d79028bc01281cfa1d0, findElement {using=css selector, value=#sp-cc-accept}]
Capabilities {acceptInsecureCerts: false, browserName: firefox, browserVersion: 106.0, javascriptEnabled: true, moz:accessibilityChecks: false, moz:buildID: 20221010110315, moz:geckodriverVersion: 0.32.0, moz:headless: false, moz:platformVersion: 10.0, moz:processID: 10708, moz:profile: C:\Windows\proxy\rust_mozpr..., moz:shutdownTimeout: 60000, moz:useNonSpecCompliantPointerOrigin: false, moz:webdriverClick: true, moz:windowless: false, pageLoadStrategy: normal, platform: WINDOWS, platformName: WINDOWS, proxy: Proxy(), setWindowRect: true, strictFileInteractability: false, timeouts: {implicit: 0, pageLoad: 300000, script: 30000}, unhandledPromptBehavior: dismiss and notify, webdriver.remote.sessionid: 251467e497d91eeafe3e8d79028...}
Session ID: 251467e497d91eeafe3e8d79028bc01281cfa1d0]]>
            </message>
            <full-stacktrace>
              <![CDATA[org.openqa.selenium.NoSuchElementException: Unable to locate element: #sp-cc-accept
For documentation on this error, please visit: https://selenium.dev/exceptions/#no_such_element
Build info: version: '4.1.0', revision: '87802e897b'
System info: host: 'Cormac*con-PQ2FTJX76V', ip: 'fe80:0:0:0:ce2:abf4:e9b1:ada3%en0', os.name: 'Mac OS X', os.arch: 'x86_64', os.version: '11.5', java.version: '11.0.12'
Driver info: org.openqa.selenium.remote.RemoteWebDriver
Command: [251467e497d91eeafe3e8d79028bc01281cfa1d0, findElement {using=css selector, value=#sp-cc-accept}]
Capabilities {acceptInsecureCerts: false, browserName: firefox, browserVersion: 106.0, javascriptEnabled: true, moz:accessibilityChecks: false, moz:buildID: 20221010110315, moz:geckodriverVersion: 0.32.0, moz:headless: false, moz:platformVersion: 10.0, moz:processID: 10708, moz:profile: C:\Windows\proxy\rust_mozpr..., moz:shutdownTimeout: 60000, moz:useNonSpecCompliantPointerOrigin: false, moz:webdriverClick: true, moz:windowless: false, pageLoadStrategy: normal, platform: WINDOWS, platformName: WINDOWS, proxy: Proxy(), setWindowRect: true, strictFileInteractability: false, timeouts: {implicit: 0, pageLoad: 300000, script: 30000}, unhandledPromptBehavior: dismiss and notify, webdriver.remote.sessionid: 251467e497d91eeafe3e8d79028...}
Session ID: 251467e497d91eeafe3e8d79028bc01281cfa1d0
at java.base/jdk.internal.reflect.NativeConstructorAccessorImpl.newInstance0(Native Method)
at java.base/jdk.internal.reflect.NativeConstructorAccessorImpl.newInstance(NativeConstructorAccessorImpl.java:62)
at java.base/jdk.internal.reflect.DelegatingConstructorAccessorImpl.newInstance(DelegatingConstructorAccessorImpl.java:45)
at java.base/java.lang.reflect.Constructor.newInstance(Constructor.java:490)
at org.openqa.selenium.remote.codec.w3c.W3CHttpResponseCodec.createException(W3CHttpResponseCodec.java:200)
at org.openqa.selenium.remote.codec.w3c.W3CHttpResponseCodec.decode(W3CHttpResponseCodec.java:133)
at org.openqa.selenium.remote.codec.w3c.W3CHttpResponseCodec.decode(W3CHttpResponseCodec.java:53)
at org.openqa.selenium.remote.HttpCommandExecutor.execute(HttpCommandExecutor.java:184)
at org.openqa.selenium.remote.TracedCommandExecutor.execute(TracedCommandExecutor.java:50)
at org.openqa.selenium.remote.RemoteWebDriver.execute(RemoteWebDriver.java:559)
at org.openqa.selenium.remote.ElementLocation$ElementFinder$2.findElement(ElementLocation.java:162)
at org.openqa.selenium.remote.ElementLocation.findElement(ElementLocation.java:60)
at org.openqa.selenium.remote.RemoteWebDriver.findElement(RemoteWebDriver.java:383)
at org.openqa.selenium.remote.RemoteWebDriver.findElement(RemoteWebDriver.java:375)
at com.browserstack.SecondTest.test(SecondTest.java:25)
at java.base/jdk.internal.reflect.NativeMethodAccessorImpl.invoke0(Native Method)
at java.base/jdk.internal.reflect.NativeMethodAccessorImpl.invoke(NativeMethodAccessorImpl.java:62)
at java.base/jdk.internal.reflect.DelegatingMethodAccessorImpl.invoke(DelegatingMethodAccessorImpl.java:43)
at java.base/java.lang.reflect.Method.invoke(Method.java:566)
at org.testng.internal.MethodInvocationHelper.invokeMethod(MethodInvocationHelper.java:133)
at org.testng.internal.TestInvoker.invokeMethod(TestInvoker.java:598)
at org.testng.internal.TestInvoker.invokeTestMethod(TestInvoker.java:173)
at org.testng.internal.MethodRunner.runInSequence(MethodRunner.java:46)
at org.testng.internal.TestInvoker$MethodInvocationAgent.invoke(TestInvoker.java:824)
at org.testng.internal.TestInvoker.invokeTestMethods(TestInvoker.java:146)
at org.testng.internal.TestMethodWorker.invokeTestMethods(TestMethodWorker.java:146)
at org.testng.internal.TestMethodWorker.run(TestMethodWorker.java:128)
at java.base/java.util.ArrayList.forEach(ArrayList.java:1541)
at org.testng.TestRunner.privateRun(TestRunner.java:794)
at org.testng.TestRunner.run(TestRunner.java:596)
at org.testng.SuiteRunner.runTest(SuiteRunner.java:377)
at org.testng.SuiteRunner.access$000(SuiteRunner.java:28)
at org.testng.SuiteRunner$SuiteWorker.run(SuiteRunner.java:418)
at org.testng.internal.thread.ThreadUtil.lambda$execute$0(ThreadUtil.java:64)
at java.base/java.util.concurrent.FutureTask.run(FutureTask.java:264)
at java.base/java.util.concurrent.ThreadPoolExecutor.runWorker(ThreadPoolExecutor.java:1128)
at java.base/java.util.concurrent.ThreadPoolExecutor$Worker.run(ThreadPoolExecutor.java:628)
at java.base/java.lang.Thread.run(Thread.java:829)
]]>
            </full-stacktrace>
          </exception> <!-- org.openqa.selenium.NoSuchElementException -->
          <reporter-output>
          </reporter-output>
        </test-method> <!-- test -->
        <test-method is-config="true" signature="tearDown()[pri:0, instance:com.browserstack.SecondTest@5b94b04d]" started-at="2022-11-01T15:51:17 GMT" name="tearDown" finished-at="2022-11-01T15:51:18 GMT" duration-ms="1127" status="PASS">
          <reporter-output>
          </reporter-output>
        </test-method> <!-- tearDown -->
      </class> <!-- com.browserstack.SecondTest -->
    </test> <!-- SingleTestEnv2 -->
    <test started-at="2022-11-01T15:51:05 GMT" name="SingleTestEnv3" finished-at="2022-11-01T15:51:18 GMT" duration-ms="13075">
      <class name="com.browserstack.SecondTest">
        <test-method is-config="true" signature="setUp(java.lang.String,java.lang.String)[pri:0, instance:com.browserstack.SecondTest@7ee8290b]" started-at="2022-11-01T15:51:06 GMT" name="setUp" finished-at="2022-11-01T15:51:17 GMT" duration-ms="11318" status="PASS">
          <params>
            <param index="0">
              <value>
                <![CDATA[parallel.conf.json]]>
              </value>
            </param>
            <param index="1">
              <value>
                <![CDATA[env3]]>
              </value>
            </param>
          </params>
          <reporter-output>
          </reporter-output>
        </test-method> <!-- setUp -->
        <test-method signature="test()[pri:0, instance:com.browserstack.SecondTest@7ee8290b]" started-at="2022-11-01T15:51:17 GMT" name="test" finished-at="2022-11-01T15:51:17 GMT" duration-ms="236" status="FAIL">
          <exception class="org.openqa.selenium.NoSuchElementException">
            <message>
              <![CDATA[For documentation on this error, please visit: https://selenium.dev/exceptions/#no_such_element
Build info: version: '4.1.0', revision: '87802e897b'
System info: host: 'Cormac*con-PQ2FTJX76V', ip: 'fe80:0:0:0:ce2:abf4:e9b1:ada3%en0', os.name: 'Mac OS X', os.arch: 'x86_64', os.version: '11.5', java.version: '11.0.12'
Driver info: org.openqa.selenium.remote.RemoteWebDriver
Command: [4101cc9880c7c5e8cea9421d50b425067337190d, findElement {using=css selector, value=#sp-cc-accept}]
Capabilities {acceptInsecureCerts: false, browserName: Safari, browserVersion: 15.6.1, javascriptEnabled: true, platform: MAC, platformName: MAC, safari:automaticInspection: false, safari:automaticProfiling: false, safari:diagnose: false, safari:platformBuildVersion: 21G83, safari:platformVersion: 12.5.1, safari:useSimulator: false, setWindowRect: true, strictFileInteractability: false, webdriver.remote.sessionid: 4101cc9880c7c5e8cea9421d50b..., webkit:WebRTC: {DisableICECandidateFiltering: false, DisableInsecureMediaCapture: false}}
Session ID: 4101cc9880c7c5e8cea9421d50b425067337190d]]>
            </message>
            <full-stacktrace>
              <![CDATA[org.openqa.selenium.NoSuchElementException: For documentation on this error, please visit: https://selenium.dev/exceptions/#no_such_element
Build info: version: '4.1.0', revision: '87802e897b'
System info: host: 'Cormac*con-PQ2FTJX76V', ip: 'fe80:0:0:0:ce2:abf4:e9b1:ada3%en0', os.name: 'Mac OS X', os.arch: 'x86_64', os.version: '11.5', java.version: '11.0.12'
Driver info: org.openqa.selenium.remote.RemoteWebDriver
Command: [4101cc9880c7c5e8cea9421d50b425067337190d, findElement {using=css selector, value=#sp-cc-accept}]
Capabilities {acceptInsecureCerts: false, browserName: Safari, browserVersion: 15.6.1, javascriptEnabled: true, platform: MAC, platformName: MAC, safari:automaticInspection: false, safari:automaticProfiling: false, safari:diagnose: false, safari:platformBuildVersion: 21G83, safari:platformVersion: 12.5.1, safari:useSimulator: false, setWindowRect: true, strictFileInteractability: false, webdriver.remote.sessionid: 4101cc9880c7c5e8cea9421d50b..., webkit:WebRTC: {DisableICECandidateFiltering: false, DisableInsecureMediaCapture: false}}
Session ID: 4101cc9880c7c5e8cea9421d50b425067337190d
at java.base/jdk.internal.reflect.NativeConstructorAccessorImpl.newInstance0(Native Method)
at java.base/jdk.internal.reflect.NativeConstructorAccessorImpl.newInstance(NativeConstructorAccessorImpl.java:62)
at java.base/jdk.internal.reflect.DelegatingConstructorAccessorImpl.newInstance(DelegatingConstructorAccessorImpl.java:45)
at java.base/java.lang.reflect.Constructor.newInstance(Constructor.java:490)
at org.openqa.selenium.remote.codec.w3c.W3CHttpResponseCodec.createException(W3CHttpResponseCodec.java:200)
at org.openqa.selenium.remote.codec.w3c.W3CHttpResponseCodec.decode(W3CHttpResponseCodec.java:133)
at org.openqa.selenium.remote.codec.w3c.W3CHttpResponseCodec.decode(W3CHttpResponseCodec.java:53)
at org.openqa.selenium.remote.HttpCommandExecutor.execute(HttpCommandExecutor.java:184)
at org.openqa.selenium.remote.TracedCommandExecutor.execute(TracedCommandExecutor.java:50)
at org.openqa.selenium.remote.RemoteWebDriver.execute(RemoteWebDriver.java:559)
at org.openqa.selenium.remote.ElementLocation$ElementFinder$2.findElement(ElementLocation.java:162)
at org.openqa.selenium.remote.ElementLocation.findElement(ElementLocation.java:60)
at org.openqa.selenium.remote.RemoteWebDriver.findElement(RemoteWebDriver.java:383)
at org.openqa.selenium.remote.RemoteWebDriver.findElement(RemoteWebDriver.java:375)
at com.browserstack.SecondTest.test(SecondTest.java:25)
at java.base/jdk.internal.reflect.NativeMethodAccessorImpl.invoke0(Native Method)
at java.base/jdk.internal.reflect.NativeMethodAccessorImpl.invoke(NativeMethodAccessorImpl.java:62)
at java.base/jdk.internal.reflect.DelegatingMethodAccessorImpl.invoke(DelegatingMethodAccessorImpl.java:43)
at java.base/java.lang.reflect.Method.invoke(Method.java:566)
at org.testng.internal.MethodInvocationHelper.invokeMethod(MethodInvocationHelper.java:133)
at org.testng.internal.TestInvoker.invokeMethod(TestInvoker.java:598)
at org.testng.internal.TestInvoker.invokeTestMethod(TestInvoker.java:173)
at org.testng.internal.MethodRunner.runInSequence(MethodRunner.java:46)
at org.testng.internal.TestInvoker$MethodInvocationAgent.invoke(TestInvoker.java:824)
at org.testng.internal.TestInvoker.invokeTestMethods(TestInvoker.java:146)
at org.testng.internal.TestMethodWorker.invokeTestMethods(TestMethodWorker.java:146)
at org.testng.internal.TestMethodWorker.run(TestMethodWorker.java:128)
at java.base/java.util.ArrayList.forEach(ArrayList.java:1541)
at org.testng.TestRunner.privateRun(TestRunner.java:794)
at org.testng.TestRunner.run(TestRunner.java:596)
at org.testng.SuiteRunner.runTest(SuiteRunner.java:377)
at org.testng.SuiteRunner.access$000(SuiteRunner.java:28)
at org.testng.SuiteRunner$SuiteWorker.run(SuiteRunner.java:418)
at org.testng.internal.thread.ThreadUtil.lambda$execute$0(ThreadUtil.java:64)
at java.base/java.util.concurrent.FutureTask.run(FutureTask.java:264)
at java.base/java.util.concurrent.ThreadPoolExecutor.runWorker(ThreadPoolExecutor.java:1128)
at java.base/java.util.concurrent.ThreadPoolExecutor$Worker.run(ThreadPoolExecutor.java:628)
at java.base/java.lang.Thread.run(Thread.java:829)
]]>
            </full-stacktrace>
          </exception> <!-- org.openqa.selenium.NoSuchElementException -->
          <reporter-output>
          </reporter-output>
        </test-method> <!-- test -->
        <test-method is-config="true" signature="tearDown()[pri:0, instance:com.browserstack.SecondTest@7ee8290b]" started-at="2022-11-01T15:51:17 GMT" name="tearDown" finished-at="2022-11-01T15:51:18 GMT" duration-ms="1392" status="PASS">
          <reporter-output>
          </reporter-output>
        </test-method> <!-- tearDown -->
      </class> <!-- com.browserstack.SecondTest -->
    </test> <!-- SingleTestEnv3 -->
    <test started-at="2022-11-01T15:51:05 GMT" name="SingleTestEnv4" finished-at="2022-11-01T15:51:29 GMT" duration-ms="23506">
      <class name="com.browserstack.SecondTest">
        <test-method is-config="true" signature="setUp(java.lang.String,java.lang.String)[pri:0, instance:com.browserstack.SecondTest@26b3fd41]" started-at="2022-11-01T15:51:06 GMT" name="setUp" finished-at="2022-11-01T15:51:28 GMT" duration-ms="22191" status="PASS">
          <params>
            <param index="0">
              <value>
                <![CDATA[parallel.conf.json]]>
              </value>
            </param>
            <param index="1">
              <value>
                <![CDATA[env4]]>
              </value>
            </param>
          </params>
          <reporter-output>
          </reporter-output>
        </test-method> <!-- setUp -->
        <test-method signature="test()[pri:0, instance:com.browserstack.SecondTest@26b3fd41]" started-at="2022-11-01T15:51:28 GMT" name="test" finished-at="2022-11-01T15:51:28 GMT" duration-ms="119" status="FAIL">
          <exception class="org.openqa.selenium.NoSuchElementException">
            <message>
              <![CDATA[no such element: Unable to locate element: {"method":"css selector","selector":"#sp-cc-accept"}
  (Session info: MicrosoftEdge=106.0.1370.37)
For documentation on this error, please visit: https://selenium.dev/exceptions/#no_such_element
Build info: version: '4.1.0', revision: '87802e897b'
System info: host: 'Cormac*con-PQ2FTJX76V', ip: 'fe80:0:0:0:ce2:abf4:e9b1:ada3%en0', os.name: 'Mac OS X', os.arch: 'x86_64', os.version: '11.5', java.version: '11.0.12'
Driver info: org.openqa.selenium.remote.RemoteWebDriver
Command: [efb0e88444fcd8c11d1b489f2c3128fefa5f196a, findElement {using=css selector, value=#sp-cc-accept}]
Capabilities {acceptInsecureCerts: false, browserName: msedge, browserVersion: 106.0.1370.37, javascriptEnabled: true, ms:edgeOptions: {debuggerAddress: localhost:7605}, msedge: {msedgedriverVersion: 106.0.1370.37 (7c71c663052f..., userDataDir: C:\Windows\proxy\scoped_dir...}, networkConnectionEnabled: false, pageLoadStrategy: normal, platform: WINDOWS, platformName: WINDOWS, proxy: Proxy(), setWindowRect: true, strictFileInteractability: false, timeouts: {implicit: 0, pageLoad: 300000, script: 30000}, unhandledPromptBehavior: dismiss and notify, webauthn:extension:credBlob: true, webauthn:extension:largeBlob: true, webauthn:virtualAuthenticators: true, webdriver.remote.sessionid: efb0e88444fcd8c11d1b489f2c3...}
Session ID: efb0e88444fcd8c11d1b489f2c3128fefa5f196a]]>
            </message>
            <full-stacktrace>
              <![CDATA[org.openqa.selenium.NoSuchElementException: no such element: Unable to locate element: {"method":"css selector","selector":"#sp-cc-accept"}
  (Session info: MicrosoftEdge=106.0.1370.37)
For documentation on this error, please visit: https://selenium.dev/exceptions/#no_such_element
Build info: version: '4.1.0', revision: '87802e897b'
System info: host: 'Cormac*con-PQ2FTJX76V', ip: 'fe80:0:0:0:ce2:abf4:e9b1:ada3%en0', os.name: 'Mac OS X', os.arch: 'x86_64', os.version: '11.5', java.version: '11.0.12'
Driver info: org.openqa.selenium.remote.RemoteWebDriver
Command: [efb0e88444fcd8c11d1b489f2c3128fefa5f196a, findElement {using=css selector, value=#sp-cc-accept}]
Capabilities {acceptInsecureCerts: false, browserName: msedge, browserVersion: 106.0.1370.37, javascriptEnabled: true, ms:edgeOptions: {debuggerAddress: localhost:7605}, msedge: {msedgedriverVersion: 106.0.1370.37 (7c71c663052f..., userDataDir: C:\Windows\proxy\scoped_dir...}, networkConnectionEnabled: false, pageLoadStrategy: normal, platform: WINDOWS, platformName: WINDOWS, proxy: Proxy(), setWindowRect: true, strictFileInteractability: false, timeouts: {implicit: 0, pageLoad: 300000, script: 30000}, unhandledPromptBehavior: dismiss and notify, webauthn:extension:credBlob: true, webauthn:extension:largeBlob: true, webauthn:virtualAuthenticators: true, webdriver.remote.sessionid: efb0e88444fcd8c11d1b489f2c3...}
Session ID: efb0e88444fcd8c11d1b489f2c3128fefa5f196a
at java.base/jdk.internal.reflect.NativeConstructorAccessorImpl.newInstance0(Native Method)
at java.base/jdk.internal.reflect.NativeConstructorAccessorImpl.newInstance(NativeConstructorAccessorImpl.java:62)
at java.base/jdk.internal.reflect.DelegatingConstructorAccessorImpl.newInstance(DelegatingConstructorAccessorImpl.java:45)
at java.base/java.lang.reflect.Constructor.newInstance(Constructor.java:490)
at org.openqa.selenium.remote.codec.w3c.W3CHttpResponseCodec.createException(W3CHttpResponseCodec.java:200)
at org.openqa.selenium.remote.codec.w3c.W3CHttpResponseCodec.decode(W3CHttpResponseCodec.java:133)
at org.openqa.selenium.remote.codec.w3c.W3CHttpResponseCodec.decode(W3CHttpResponseCodec.java:53)
at org.openqa.selenium.remote.HttpCommandExecutor.execute(HttpCommandExecutor.java:184)
at org.openqa.selenium.remote.TracedCommandExecutor.execute(TracedCommandExecutor.java:50)
at org.openqa.selenium.remote.RemoteWebDriver.execute(RemoteWebDriver.java:559)
at org.openqa.selenium.remote.ElementLocation$ElementFinder$2.findElement(ElementLocation.java:162)
at org.openqa.selenium.remote.ElementLocation.findElement(ElementLocation.java:60)
at org.openqa.selenium.remote.RemoteWebDriver.findElement(RemoteWebDriver.java:383)
at org.openqa.selenium.remote.RemoteWebDriver.findElement(RemoteWebDriver.java:375)
at com.browserstack.SecondTest.test(SecondTest.java:25)
at java.base/jdk.internal.reflect.NativeMethodAccessorImpl.invoke0(Native Method)
at java.base/jdk.internal.reflect.NativeMethodAccessorImpl.invoke(NativeMethodAccessorImpl.java:62)
at java.base/jdk.internal.reflect.DelegatingMethodAccessorImpl.invoke(DelegatingMethodAccessorImpl.java:43)
at java.base/java.lang.reflect.Method.invoke(Method.java:566)
at org.testng.internal.MethodInvocationHelper.invokeMethod(MethodInvocationHelper.java:133)
at org.testng.internal.TestInvoker.invokeMethod(TestInvoker.java:598)
at org.testng.internal.TestInvoker.invokeTestMethod(TestInvoker.java:173)
at org.testng.internal.MethodRunner.runInSequence(MethodRunner.java:46)
at org.testng.internal.TestInvoker$MethodInvocationAgent.invoke(TestInvoker.java:824)
at org.testng.internal.TestInvoker.invokeTestMethods(TestInvoker.java:146)
at org.testng.internal.TestMethodWorker.invokeTestMethods(TestMethodWorker.java:146)
at org.testng.internal.TestMethodWorker.run(TestMethodWorker.java:128)
at java.base/java.util.ArrayList.forEach(ArrayList.java:1541)
at org.testng.TestRunner.privateRun(TestRunner.java:794)
at org.testng.TestRunner.run(TestRunner.java:596)
at org.testng.SuiteRunner.runTest(SuiteRunner.java:377)
at org.testng.SuiteRunner.access$000(SuiteRunner.java:28)
at org.testng.SuiteRunner$SuiteWorker.run(SuiteRunner.java:418)
at org.testng.internal.thread.ThreadUtil.lambda$execute$0(ThreadUtil.java:64)
at java.base/java.util.concurrent.FutureTask.run(FutureTask.java:264)
at java.base/java.util.concurrent.ThreadPoolExecutor.runWorker(ThreadPoolExecutor.java:1128)
at java.base/java.util.concurrent.ThreadPoolExecutor$Worker.run(ThreadPoolExecutor.java:628)
at java.base/java.lang.Thread.run(Thread.java:829)
]]>
            </full-stacktrace>
          </exception> <!-- org.openqa.selenium.NoSuchElementException -->
          <reporter-output>
          </reporter-output>
        </test-method> <!-- test -->
        <test-method is-config="true" signature="tearDown()[pri:0, instance:com.browserstack.SecondTest@26b3fd41]" started-at="2022-11-01T15:51:28 GMT" name="tearDown" finished-at="2022-11-01T15:51:29 GMT" duration-ms="1077" status="PASS">
          <reporter-output>
          </reporter-output>
        </test-method> <!-- tearDown -->
      </class> <!-- com.browserstack.SecondTest -->
    </test> <!-- SingleTestEnv4 -->
  </suite> <!-- Parallel -->
</testng-results>
