<?xml version="1.0" encoding="UTF-8"?>
<testsuite name="TestSuite" time="0.194" tests="4" errors="0" skipped="0" failures="4">
  <properties>
[...]
</properties>
  <testcase name="test" classname="com.browserstack.SecondTest" time="0.194">
    <failure message="no such element: Unable to locate element: {&quot;method&quot;:&quot;css selector&quot;,&quot;selector&quot;:&quot;#sp-cc-accept&quot;}&#10;  (Session info: chrome=107.0.5304.63)&#10;For documentation on this error, please visit: https://selenium.dev/exceptions/#no_such_element&#10;Build info: version: &apos;4.1.0&apos;, revision: &apos;87802e897b&apos;&#10;System info: host: &apos;Cormac*con-PQ2FTJX76V&apos;, ip: &apos;fe80:0:0:0:ce2:abf4:e9b1:ada3%en0&apos;, os.name: &apos;Mac OS X&apos;, os.arch: &apos;x86_64&apos;, os.version: &apos;11.5&apos;, java.version: &apos;11.0.12&apos;&#10;Driver info: org.openqa.selenium.remote.RemoteWebDriver&#10;Command: [742b9522734f99f4b11364639c618feac0342ae5, findElement {using=css selector, value=#sp-cc-accept}]&#10;Capabilities {acceptInsecureCerts: false, browserName: chrome, browserVersion: 107.0.5304.63, chrome: {chromedriverVersion: 107.0.5304.62 (1eec40d3a576..., userDataDir: C:\Windows\proxy\scoped_dir...}, goog:chromeOptions: {debuggerAddress: localhost:7184}, javascriptEnabled: true, networkConnectionEnabled: false, pageLoadStrategy: normal, platform: WINDOWS, platformName: WINDOWS, proxy: Proxy(), setWindowRect: true, strictFileInteractability: false, timeouts: {implicit: 0, pageLoad: 300000, script: 30000}, unhandledPromptBehavior: dismiss and notify, webauthn:extension:credBlob: true, webauthn:extension:largeBlob: true, webauthn:virtualAuthenticators: true, webdriver.remote.sessionid: 742b9522734f99f4b11364639c6...}&#10;Session ID: 742b9522734f99f4b11364639c618feac0342ae5" type="org.openqa.selenium.NoSuchElementException">org.openqa.selenium.NoSuchElementException: no such element: Unable to locate element: {"method":"css selector","selector":"#sp-cc-accept"}
  (Session info: chrome=107.0.5304.63)
For documentation on this error, please visit: https://selenium.dev/exceptions/#no_such_element
Build info: version: '4.1.0', revision: '87802e897b'
System info: host: 'Cormac*con-PQ2FTJX76V', ip: 'fe80:0:0:0:ce2:abf4:e9b1:ada3%en0', os.name: 'Mac OS X', os.arch: 'x86_64', os.version: '11.5', java.version: '11.0.12'
Driver info: org.openqa.selenium.remote.RemoteWebDriver
Command: [742b9522734f99f4b11364639c618feac0342ae5, findElement {using=css selector, value=#sp-cc-accept}]
Capabilities {acceptInsecureCerts: false, browserName: chrome, browserVersion: 107.0.5304.63, chrome: {chromedriverVersion: 107.0.5304.62 (1eec40d3a576..., userDataDir: C:\Windows\proxy\scoped_dir...}, goog:chromeOptions: {debuggerAddress: localhost:7184}, javascriptEnabled: true, networkConnectionEnabled: false, pageLoadStrategy: normal, platform: WINDOWS, platformName: WINDOWS, proxy: Proxy(), setWindowRect: true, strictFileInteractability: false, timeouts: {implicit: 0, pageLoad: 300000, script: 30000}, unhandledPromptBehavior: dismiss and notify, webauthn:extension:credBlob: true, webauthn:extension:largeBlob: true, webauthn:virtualAuthenticators: true, webdriver.remote.sessionid: 742b9522734f99f4b11364639c6...}
Session ID: 742b9522734f99f4b11364639c618feac0342ae5
	at java.base/jdk.internal.reflect.NativeConstructorAccessorImpl.newInstance0(Native Method)
	at java.base/jdk.internal.reflect.NativeConstructorAccessorImpl.newInstance(NativeConstructorAccessorImpl.java:62)
	at java.base/jdk.internal.reflect.DelegatingConstructorAccessorImpl.newInstance(DelegatingConstructorAccessorImpl.java:45)
	at java.base/java.lang.reflect.Constructor.newInstance(Constructor.java:490)
	at org.openqa.selenium.remote.codec.w3c.W3CHttpResponseCodec.createException(W3CHttpResponseCodec.java:200)
	at org.openqa.selenium.remote.codec.w3c.W3CHttpResponseCodec.decode(W3CHttpResponseCodec.java:133)
	at org.openqa.selenium.remote.codec.w3c.W3CHttpResponseCodec.decode(W3CHttpResponseCodec.java:53)
	at org.openqa.selenium.remote.HttpCommandExecutor.execute(HttpCommandExecutor.java:184)
	at org.openqa.selenium.remote.TracedCommandExecutor.execute(TracedCommandExecutor.java:50)
	at org.openqa.selenium.remote.RemoteWebDriver.execute(RemoteWebDriver.java:559)
	at org.openqa.selenium.remote.ElementLocation$ElementFinder$2.findElement(ElementLocation.java:162)
	at org.openqa.selenium.remote.ElementLocation.findElement(ElementLocation.java:60)
	at org.openqa.selenium.remote.RemoteWebDriver.findElement(RemoteWebDriver.java:383)
	at org.openqa.selenium.remote.RemoteWebDriver.findElement(RemoteWebDriver.java:375)
	at com.browserstack.SecondTest.test(SecondTest.java:25)
</failure>
    <system-err><![CDATA[Nov 01, 2022 3:51:06 P.M. org.openqa.selenium.remote.tracing.opentelemetry.OpenTelemetryTracer createTracer
INFO: Using OpenTelemetry for tracing
SLF4J: Failed to load class "org.slf4j.impl.StaticLoggerBinder".
SLF4J: Defaulting to no-operation (NOP) logger implementation
SLF4J: See http://www.slf4j.org/codes.html#StaticLoggerBinder for further details.
Nov 01, 2022 3:51:11 P.M. org.openqa.selenium.remote.ProtocolHandshake createSession
INFO: Detected dialect: W3C
]]></system-err>
  </testcase>
  <testcase name="test" classname="com.browserstack.SecondTest" time="0.578">
    <failure message="Unable to locate element: #sp-cc-accept&#10;For documentation on this error, please visit: https://selenium.dev/exceptions/#no_such_element&#10;Build info: version: &apos;4.1.0&apos;, revision: &apos;87802e897b&apos;&#10;System info: host: &apos;Cormac*con-PQ2FTJX76V&apos;, ip: &apos;fe80:0:0:0:ce2:abf4:e9b1:ada3%en0&apos;, os.name: &apos;Mac OS X&apos;, os.arch: &apos;x86_64&apos;, os.version: &apos;11.5&apos;, java.version: &apos;11.0.12&apos;&#10;Driver info: org.openqa.selenium.remote.RemoteWebDriver&#10;Command: [251467e497d91eeafe3e8d79028bc01281cfa1d0, findElement {using=css selector, value=#sp-cc-accept}]&#10;Capabilities {acceptInsecureCerts: false, browserName: firefox, browserVersion: 106.0, javascriptEnabled: true, moz:accessibilityChecks: false, moz:buildID: 20221010110315, moz:geckodriverVersion: 0.32.0, moz:headless: false, moz:platformVersion: 10.0, moz:processID: 10708, moz:profile: C:\Windows\proxy\rust_mozpr..., moz:shutdownTimeout: 60000, moz:useNonSpecCompliantPointerOrigin: false, moz:webdriverClick: true, moz:windowless: false, pageLoadStrategy: normal, platform: WINDOWS, platformName: WINDOWS, proxy: Proxy(), setWindowRect: true, strictFileInteractability: false, timeouts: {implicit: 0, pageLoad: 300000, script: 30000}, unhandledPromptBehavior: dismiss and notify, webdriver.remote.sessionid: 251467e497d91eeafe3e8d79028...}&#10;Session ID: 251467e497d91eeafe3e8d79028bc01281cfa1d0" type="org.openqa.selenium.NoSuchElementException">org.openqa.selenium.NoSuchElementException: Unable to locate element: #sp-cc-accept
For documentation on this error, please visit: https://selenium.dev/exceptions/#no_such_element
Build info: version: '4.1.0', revision: '87802e897b'
System info: host: 'Cormac*con-PQ2FTJX76V', ip: 'fe80:0:0:0:ce2:abf4:e9b1:ada3%en0', os.name: 'Mac OS X', os.arch: 'x86_64', os.version: '11.5', java.version: '11.0.12'
Driver info: org.openqa.selenium.remote.RemoteWebDriver
Command: [251467e497d91eeafe3e8d79028bc01281cfa1d0, findElement {using=css selector, value=#sp-cc-accept}]
Capabilities {acceptInsecureCerts: false, browserName: firefox, browserVersion: 106.0, javascriptEnabled: true, moz:accessibilityChecks: false, moz:buildID: 20221010110315, moz:geckodriverVersion: 0.32.0, moz:headless: false, moz:platformVersion: 10.0, moz:processID: 10708, moz:profile: C:\Windows\proxy\rust_mozpr..., moz:shutdownTimeout: 60000, moz:useNonSpecCompliantPointerOrigin: false, moz:webdriverClick: true, moz:windowless: false, pageLoadStrategy: normal, platform: WINDOWS, platformName: WINDOWS, proxy: Proxy(), setWindowRect: true, strictFileInteractability: false, timeouts: {implicit: 0, pageLoad: 300000, script: 30000}, unhandledPromptBehavior: dismiss and notify, webdriver.remote.sessionid: 251467e497d91eeafe3e8d79028...}
Session ID: 251467e497d91eeafe3e8d79028bc01281cfa1d0
	at java.base/jdk.internal.reflect.NativeConstructorAccessorImpl.newInstance0(Native Method)
	at java.base/jdk.internal.reflect.NativeConstructorAccessorImpl.newInstance(NativeConstructorAccessorImpl.java:62)
	at java.base/jdk.internal.reflect.DelegatingConstructorAccessorImpl.newInstance(DelegatingConstructorAccessorImpl.java:45)
	at java.base/java.lang.reflect.Constructor.newInstance(Constructor.java:490)
	at org.openqa.selenium.remote.codec.w3c.W3CHttpResponseCodec.createException(W3CHttpResponseCodec.java:200)
	at org.openqa.selenium.remote.codec.w3c.W3CHttpResponseCodec.decode(W3CHttpResponseCodec.java:133)
	at org.openqa.selenium.remote.codec.w3c.W3CHttpResponseCodec.decode(W3CHttpResponseCodec.java:53)
	at org.openqa.selenium.remote.HttpCommandExecutor.execute(HttpCommandExecutor.java:184)
	at org.openqa.selenium.remote.TracedCommandExecutor.execute(TracedCommandExecutor.java:50)
	at org.openqa.selenium.remote.RemoteWebDriver.execute(RemoteWebDriver.java:559)
	at org.openqa.selenium.remote.ElementLocation$ElementFinder$2.findElement(ElementLocation.java:162)
	at org.openqa.selenium.remote.ElementLocation.findElement(ElementLocation.java:60)
	at org.openqa.selenium.remote.RemoteWebDriver.findElement(RemoteWebDriver.java:383)
	at org.openqa.selenium.remote.RemoteWebDriver.findElement(RemoteWebDriver.java:375)
	at com.browserstack.SecondTest.test(SecondTest.java:25)
</failure>
    <system-err><![CDATA[Nov 01, 2022 3:51:16 P.M. org.openqa.selenium.remote.ProtocolHandshake createSession
INFO: Detected dialect: W3C
]]></system-err>
  </testcase>
  <testcase name="test" classname="com.browserstack.SecondTest" time="0.248">
    <failure message="For documentation on this error, please visit: https://selenium.dev/exceptions/#no_such_element&#10;Build info: version: &apos;4.1.0&apos;, revision: &apos;87802e897b&apos;&#10;System info: host: &apos;Cormac*con-PQ2FTJX76V&apos;, ip: &apos;fe80:0:0:0:ce2:abf4:e9b1:ada3%en0&apos;, os.name: &apos;Mac OS X&apos;, os.arch: &apos;x86_64&apos;, os.version: &apos;11.5&apos;, java.version: &apos;11.0.12&apos;&#10;Driver info: org.openqa.selenium.remote.RemoteWebDriver&#10;Command: [4101cc9880c7c5e8cea9421d50b425067337190d, findElement {using=css selector, value=#sp-cc-accept}]&#10;Capabilities {acceptInsecureCerts: false, browserName: Safari, browserVersion: 15.6.1, javascriptEnabled: true, platform: MAC, platformName: MAC, safari:automaticInspection: false, safari:automaticProfiling: false, safari:diagnose: false, safari:platformBuildVersion: 21G83, safari:platformVersion: 12.5.1, safari:useSimulator: false, setWindowRect: true, strictFileInteractability: false, webdriver.remote.sessionid: 4101cc9880c7c5e8cea9421d50b..., webkit:WebRTC: {DisableICECandidateFiltering: false, DisableInsecureMediaCapture: false}}&#10;Session ID: 4101cc9880c7c5e8cea9421d50b425067337190d" type="org.openqa.selenium.NoSuchElementException">org.openqa.selenium.NoSuchElementException: For documentation on this error, please visit: https://selenium.dev/exceptions/#no_such_element
Build info: version: '4.1.0', revision: '87802e897b'
System info: host: 'Cormac*con-PQ2FTJX76V', ip: 'fe80:0:0:0:ce2:abf4:e9b1:ada3%en0', os.name: 'Mac OS X', os.arch: 'x86_64', os.version: '11.5', java.version: '11.0.12'
Driver info: org.openqa.selenium.remote.RemoteWebDriver
Command: [4101cc9880c7c5e8cea9421d50b425067337190d, findElement {using=css selector, value=#sp-cc-accept}]
Capabilities {acceptInsecureCerts: false, browserName: Safari, browserVersion: 15.6.1, javascriptEnabled: true, platform: MAC, platformName: MAC, safari:automaticInspection: false, safari:automaticProfiling: false, safari:diagnose: false, safari:platformBuildVersion: 21G83, safari:platformVersion: 12.5.1, safari:useSimulator: false, setWindowRect: true, strictFileInteractability: false, webdriver.remote.sessionid: 4101cc9880c7c5e8cea9421d50b..., webkit:WebRTC: {DisableICECandidateFiltering: false, DisableInsecureMediaCapture: false}}
Session ID: 4101cc9880c7c5e8cea9421d50b425067337190d
	at java.base/jdk.internal.reflect.NativeConstructorAccessorImpl.newInstance0(Native Method)
	at java.base/jdk.internal.reflect.NativeConstructorAccessorImpl.newInstance(NativeConstructorAccessorImpl.java:62)
	at java.base/jdk.internal.reflect.DelegatingConstructorAccessorImpl.newInstance(DelegatingConstructorAccessorImpl.java:45)
	at java.base/java.lang.reflect.Constructor.newInstance(Constructor.java:490)
	at org.openqa.selenium.remote.codec.w3c.W3CHttpResponseCodec.createException(W3CHttpResponseCodec.java:200)
	at org.openqa.selenium.remote.codec.w3c.W3CHttpResponseCodec.decode(W3CHttpResponseCodec.java:133)
	at org.openqa.selenium.remote.codec.w3c.W3CHttpResponseCodec.decode(W3CHttpResponseCodec.java:53)
	at org.openqa.selenium.remote.HttpCommandExecutor.execute(HttpCommandExecutor.java:184)
	at org.openqa.selenium.remote.TracedCommandExecutor.execute(TracedCommandExecutor.java:50)
	at org.openqa.selenium.remote.RemoteWebDriver.execute(RemoteWebDriver.java:559)
	at org.openqa.selenium.remote.ElementLocation$ElementFinder$2.findElement(ElementLocation.java:162)
	at org.openqa.selenium.remote.ElementLocation.findElement(ElementLocation.java:60)
	at org.openqa.selenium.remote.RemoteWebDriver.findElement(RemoteWebDriver.java:383)
	at org.openqa.selenium.remote.RemoteWebDriver.findElement(RemoteWebDriver.java:375)
	at com.browserstack.SecondTest.test(SecondTest.java:25)
</failure>
    <system-err><![CDATA[Nov 01, 2022 3:51:17 P.M. org.openqa.selenium.remote.ProtocolHandshake createSession
INFO: Detected dialect: W3C
]]></system-err>
  </testcase>
  <testcase name="test" classname="com.browserstack.SecondTest" time="0.124">
    <failure message="no such element: Unable to locate element: {&quot;method&quot;:&quot;css selector&quot;,&quot;selector&quot;:&quot;#sp-cc-accept&quot;}&#10;  (Session info: MicrosoftEdge=106.0.1370.37)&#10;For documentation on this error, please visit: https://selenium.dev/exceptions/#no_such_element&#10;Build info: version: &apos;4.1.0&apos;, revision: &apos;87802e897b&apos;&#10;System info: host: &apos;Cormac*con-PQ2FTJX76V&apos;, ip: &apos;fe80:0:0:0:ce2:abf4:e9b1:ada3%en0&apos;, os.name: &apos;Mac OS X&apos;, os.arch: &apos;x86_64&apos;, os.version: &apos;11.5&apos;, java.version: &apos;11.0.12&apos;&#10;Driver info: org.openqa.selenium.remote.RemoteWebDriver&#10;Command: [efb0e88444fcd8c11d1b489f2c3128fefa5f196a, findElement {using=css selector, value=#sp-cc-accept}]&#10;Capabilities {acceptInsecureCerts: false, browserName: msedge, browserVersion: 106.0.1370.37, javascriptEnabled: true, ms:edgeOptions: {debuggerAddress: localhost:7605}, msedge: {msedgedriverVersion: 106.0.1370.37 (7c71c663052f..., userDataDir: C:\Windows\proxy\scoped_dir...}, networkConnectionEnabled: false, pageLoadStrategy: normal, platform: WINDOWS, platformName: WINDOWS, proxy: Proxy(), setWindowRect: true, strictFileInteractability: false, timeouts: {implicit: 0, pageLoad: 300000, script: 30000}, unhandledPromptBehavior: dismiss and notify, webauthn:extension:credBlob: true, webauthn:extension:largeBlob: true, webauthn:virtualAuthenticators: true, webdriver.remote.sessionid: efb0e88444fcd8c11d1b489f2c3...}&#10;Session ID: efb0e88444fcd8c11d1b489f2c3128fefa5f196a" type="org.openqa.selenium.NoSuchElementException">org.openqa.selenium.NoSuchElementException: no such element: Unable to locate element: {"method":"css selector","selector":"#sp-cc-accept"}
  (Session info: MicrosoftEdge=106.0.1370.37)
For documentation on this error, please visit: https://selenium.dev/exceptions/#no_such_element
Build info: version: '4.1.0', revision: '87802e897b'
System info: host: 'Cormac*con-PQ2FTJX76V', ip: 'fe80:0:0:0:ce2:abf4:e9b1:ada3%en0', os.name: 'Mac OS X', os.arch: 'x86_64', os.version: '11.5', java.version: '11.0.12'
Driver info: org.openqa.selenium.remote.RemoteWebDriver
Command: [efb0e88444fcd8c11d1b489f2c3128fefa5f196a, findElement {using=css selector, value=#sp-cc-accept}]
Capabilities {acceptInsecureCerts: false, browserName: msedge, browserVersion: 106.0.1370.37, javascriptEnabled: true, ms:edgeOptions: {debuggerAddress: localhost:7605}, msedge: {msedgedriverVersion: 106.0.1370.37 (7c71c663052f..., userDataDir: C:\Windows\proxy\scoped_dir...}, networkConnectionEnabled: false, pageLoadStrategy: normal, platform: WINDOWS, platformName: WINDOWS, proxy: Proxy(), setWindowRect: true, strictFileInteractability: false, timeouts: {implicit: 0, pageLoad: 300000, script: 30000}, unhandledPromptBehavior: dismiss and notify, webauthn:extension:credBlob: true, webauthn:extension:largeBlob: true, webauthn:virtualAuthenticators: true, webdriver.remote.sessionid: efb0e88444fcd8c11d1b489f2c3...}
Session ID: efb0e88444fcd8c11d1b489f2c3128fefa5f196a
	at java.base/jdk.internal.reflect.NativeConstructorAccessorImpl.newInstance0(Native Method)
	at java.base/jdk.internal.reflect.NativeConstructorAccessorImpl.newInstance(NativeConstructorAccessorImpl.java:62)
	at java.base/jdk.internal.reflect.DelegatingConstructorAccessorImpl.newInstance(DelegatingConstructorAccessorImpl.java:45)
	at java.base/java.lang.reflect.Constructor.newInstance(Constructor.java:490)
	at org.openqa.selenium.remote.codec.w3c.W3CHttpResponseCodec.createException(W3CHttpResponseCodec.java:200)
	at org.openqa.selenium.remote.codec.w3c.W3CHttpResponseCodec.decode(W3CHttpResponseCodec.java:133)
	at org.openqa.selenium.remote.codec.w3c.W3CHttpResponseCodec.decode(W3CHttpResponseCodec.java:53)
	at org.openqa.selenium.remote.HttpCommandExecutor.execute(HttpCommandExecutor.java:184)
	at org.openqa.selenium.remote.TracedCommandExecutor.execute(TracedCommandExecutor.java:50)
	at org.openqa.selenium.remote.RemoteWebDriver.execute(RemoteWebDriver.java:559)
	at org.openqa.selenium.remote.ElementLocation$ElementFinder$2.findElement(ElementLocation.java:162)
	at org.openqa.selenium.remote.ElementLocation.findElement(ElementLocation.java:60)
	at org.openqa.selenium.remote.RemoteWebDriver.findElement(RemoteWebDriver.java:383)
	at org.openqa.selenium.remote.RemoteWebDriver.findElement(RemoteWebDriver.java:375)
	at com.browserstack.SecondTest.test(SecondTest.java:25)
</failure>
    <system-err><![CDATA[Nov 01, 2022 3:51:28 P.M. org.openqa.selenium.remote.ProtocolHandshake createSession
INFO: Detected dialect: W3C
]]></system-err>
  </testcase>
</testsuite>