-------------------------------------------------------------------------------
Test set: TestSuite
-------------------------------------------------------------------------------
Tests run: 4, Failures: 2, Errors: 0, Skipped: 0, Time elapsed: 58.407 sec <<< FAILURE! - in TestSuite
test(com.browserstack.SecondTest)  Time elapsed: 3.937 sec  <<< FAILURE!
org.openqa.selenium.NoSuchElementException: For documentation on this error, please visit: https://selenium.dev/exceptions/#no_such_element
Build info: version: '4.1.0', revision: '87802e897b'
System info: host: 'Cormac*con-PQ2FTJX76V', ip: 'fe80:0:0:0:ce2:abf4:e9b1:ada3%en0', os.name: 'Mac OS X', os.arch: 'x86_64', os.version: '11.5', java.version: '11.0.12'
Driver info: org.openqa.selenium.remote.RemoteWebDriver
Command: [090ddba2e4283b104221b03000c14d236c1eaf47, findElement {using=css selector, value=ul:nth-of-type(4) > li:nth-of-type(2) .a-icon.a-icon-checkbox}]
Capabilities {acceptInsecureCerts: false, browserName: Safari, browserVersion: 15.6.1, javascriptEnabled: true, platform: MAC, platformName: MAC, safari:automaticInspection: false, safari:automaticProfiling: false, safari:diagnose: false, safari:platformBuildVersion: 21G83, safari:platformVersion: 12.5.1, safari:useSimulator: false, setWindowRect: true, strictFileInteractability: false, webdriver.remote.sessionid: 090ddba2e4283b104221b03000c..., webkit:WebRTC: {DisableICECandidateFiltering: false, DisableInsecureMediaCapture: false}}
Session ID: 090ddba2e4283b104221b03000c14d236c1eaf47
	at java.base/jdk.internal.reflect.NativeConstructorAccessorImpl.newInstance0(Native Method)
	at java.base/jdk.internal.reflect.NativeConstructorAccessorImpl.newInstance(NativeConstructorAccessorImpl.java:62)
	at java.base/jdk.internal.reflect.DelegatingConstructorAccessorImpl.newInstance(DelegatingConstructorAccessorImpl.java:45)
	at java.base/java.lang.reflect.Constructor.newInstance(Constructor.java:490)
	at org.openqa.selenium.remote.codec.w3c.W3CHttpResponseCodec.createException(W3CHttpResponseCodec.java:200)
	at org.openqa.selenium.remote.codec.w3c.W3CHttpResponseCodec.decode(W3CHttpResponseCodec.java:133)
	at org.openqa.selenium.remote.codec.w3c.W3CHttpResponseCodec.decode(W3CHttpResponseCodec.java:53)
	at org.openqa.selenium.remote.HttpCommandExecutor.execute(HttpCommandExecutor.java:184)
	at org.openqa.selenium.remote.TracedCommandExecutor.execute(TracedCommandExecutor.java:50)
	at org.openqa.selenium.remote.RemoteWebDriver.execute(RemoteWebDriver.java:559)
	at org.openqa.selenium.remote.ElementLocation$ElementFinder$2.findElement(ElementLocation.java:162)
	at org.openqa.selenium.remote.ElementLocation.findElement(ElementLocation.java:60)
	at org.openqa.selenium.remote.RemoteWebDriver.findElement(RemoteWebDriver.java:383)
	at org.openqa.selenium.remote.RemoteWebDriver.findElement(RemoteWebDriver.java:375)
	at com.browserstack.SecondTest.test(SecondTest.java:33)

test(com.browserstack.SecondTest)  Time elapsed: 10.306 sec  <<< FAILURE!
org.openqa.selenium.ElementClickInterceptedException: Element <select id="s-result-sort-select" class="a-native-dropdown a-declarative" name="s"> is not clickable at point (1634,153) because another element <span class="a-dropdown-prompt"> obscures it
Build info: version: '4.1.0', revision: '87802e897b'
System info: host: 'Cormac*con-PQ2FTJX76V', ip: 'fe80:0:0:0:ce2:abf4:e9b1:ada3%en0', os.name: 'Mac OS X', os.arch: 'x86_64', os.version: '11.5', java.version: '11.0.12'
Driver info: org.openqa.selenium.remote.RemoteWebDriver
Command: [1c7c871b4f451bf10054245251819316e69fd031, clickElement {id=8e86018c-b5e4-4fa9-9d8b-35b6c9ff59e4}]
Capabilities {acceptInsecureCerts: false, browserName: firefox, browserVersion: 106.0, javascriptEnabled: true, moz:accessibilityChecks: false, moz:buildID: 20221010110315, moz:geckodriverVersion: 0.32.0, moz:headless: false, moz:platformVersion: 10.0, moz:processID: 8024, moz:profile: C:\Windows\proxy\rust_mozpr..., moz:shutdownTimeout: 60000, moz:useNonSpecCompliantPointerOrigin: false, moz:webdriverClick: true, moz:windowless: false, pageLoadStrategy: normal, platform: WINDOWS, platformName: WINDOWS, proxy: Proxy(), setWindowRect: true, strictFileInteractability: false, timeouts: {implicit: 0, pageLoad: 300000, script: 30000}, unhandledPromptBehavior: dismiss and notify, webdriver.remote.sessionid: 1c7c871b4f451bf100542452518...}
Element: [[[[RemoteWebDriver: firefox on WINDOWS (1c7c871b4f451bf10054245251819316e69fd031)] -> css selector: select#s-result-sort-select]] -> xpath: .//option[normalize-space(.) = "Price: High to Low"]]
Session ID: 1c7c871b4f451bf10054245251819316e69fd031
	at java.base/jdk.internal.reflect.NativeConstructorAccessorImpl.newInstance0(Native Method)
	at java.base/jdk.internal.reflect.NativeConstructorAccessorImpl.newInstance(NativeConstructorAccessorImpl.java:62)
	at java.base/jdk.internal.reflect.DelegatingConstructorAccessorImpl.newInstance(DelegatingConstructorAccessorImpl.java:45)
	at java.base/java.lang.reflect.Constructor.newInstance(Constructor.java:490)
	at org.openqa.selenium.remote.codec.w3c.W3CHttpResponseCodec.createException(W3CHttpResponseCodec.java:200)
	at org.openqa.selenium.remote.codec.w3c.W3CHttpResponseCodec.decode(W3CHttpResponseCodec.java:133)
	at org.openqa.selenium.remote.codec.w3c.W3CHttpResponseCodec.decode(W3CHttpResponseCodec.java:53)
	at org.openqa.selenium.remote.HttpCommandExecutor.execute(HttpCommandExecutor.java:184)
	at org.openqa.selenium.remote.TracedCommandExecutor.execute(TracedCommandExecutor.java:50)
	at org.openqa.selenium.remote.RemoteWebDriver.execute(RemoteWebDriver.java:559)
	at org.openqa.selenium.remote.RemoteWebElement.execute(RemoteWebElement.java:251)
	at org.openqa.selenium.remote.RemoteWebElement.click(RemoteWebElement.java:77)
	at org.openqa.selenium.support.ui.Select.setSelected(Select.java:315)
	at org.openqa.selenium.support.ui.Select.selectByVisibleText(Select.java:117)
	at com.browserstack.SecondTest.test(SecondTest.java:37)

